[0622/233752.731:ERROR:process_info.cc(632)] range at 0xe15e209c00000000, size 0x12 fully unreadable
[0622/233752.731:ERROR:process_info.cc(632)] range at 0xe15e20bc00000000, size 0x12 fully unreadable
[0622/233752.732:ERROR:process_info.cc(632)] range at 0x0, size 0x12 fully unreadable
[0622/233752.795:ERROR:http_transport_win.cc(267)] WinHttpSendRequest: The server name or address could not be resolved  (0x2ee7)
[0622/233753.031:ERROR:process_info.cc(632)] range at 0xda0d216800000000, size 0x9b fully unreadable
[0622/233753.031:ERROR:process_info.cc(632)] range at 0xda0d218800000000, size 0x9b fully unreadable
[0622/233753.031:ERROR:process_info.cc(632)] range at 0x0, size 0x9b fully unreadable
[0622/233753.289:ERROR:process_info.cc(632)] range at 0xdb79216800000000, size 0xd4 fully unreadable
[0622/233753.289:ERROR:process_info.cc(632)] range at 0xdb79218800000000, size 0xd4 fully unreadable
[0622/233753.290:ERROR:process_info.cc(632)] range at 0x0, size 0xd4 fully unreadable
[0622/233904.435:ERROR:process_info.cc(632)] range at 0x2af5209a00000000, size 0x23 fully unreadable
[0622/233904.435:ERROR:process_info.cc(632)] range at 0x2af520ba00000000, size 0x23 fully unreadable
[0622/233904.435:ERROR:process_info.cc(632)] range at 0x0, size 0x23 fully unreadable
[0622/233904.708:ERROR:process_info.cc(632)] range at 0xe51e216600000000, size 0x45 fully unreadable
[0622/233904.708:ERROR:process_info.cc(632)] range at 0xe51e218600000000, size 0x45 fully unreadable
[0622/233904.708:ERROR:process_info.cc(632)] range at 0x0, size 0x45 fully unreadable
[0622/233904.951:ERROR:process_info.cc(632)] range at 0xd64a216600000000, size 0x45 fully unreadable
[0622/233904.952:ERROR:process_info.cc(632)] range at 0xd64a218600000000, size 0x45 fully unreadable
[0622/233904.952:ERROR:process_info.cc(632)] range at 0x0, size 0x45 fully unreadable
[0622/233943.517:ERROR:process_info.cc(632)] range at 0x9cf9209c00000000, size 0xe9 fully unreadable
[0622/233943.517:ERROR:process_info.cc(632)] range at 0x9cf920bc00000000, size 0xe9 fully unreadable
[0622/233943.517:ERROR:process_info.cc(632)] range at 0x0, size 0xe9 fully unreadable
[0622/233943.796:ERROR:process_info.cc(632)] range at 0x933a216800000000, size 0xeb fully unreadable
[0622/233943.796:ERROR:process_info.cc(632)] range at 0x933a218800000000, size 0xeb fully unreadable
[0622/233943.796:ERROR:process_info.cc(632)] range at 0x0, size 0xeb fully unreadable
[0622/233944.039:ERROR:process_info.cc(632)] range at 0xda75216800000000, size 0xb0 fully unreadable
[0622/233944.039:ERROR:process_info.cc(632)] range at 0xda75218800000000, size 0xb0 fully unreadable
[0622/233944.039:ERROR:process_info.cc(632)] range at 0x0, size 0xb0 fully unreadable
[0622/234016.336:ERROR:process_info.cc(632)] range at 0xcea0209a00000000, size 0x4b fully unreadable
[0622/234016.336:ERROR:process_info.cc(632)] range at 0xcea020ba00000000, size 0x4b fully unreadable
[0622/234016.336:ERROR:process_info.cc(632)] range at 0x0, size 0x4b fully unreadable
[0622/234016.609:ERROR:process_info.cc(632)] range at 0xf609216600000000, size 0xe7 fully unreadable
[0622/234016.609:ERROR:process_info.cc(632)] range at 0xf609218600000000, size 0xe7 fully unreadable
[0622/234016.609:ERROR:process_info.cc(632)] range at 0x0, size 0xe7 fully unreadable
[0622/234016.855:ERROR:process_info.cc(632)] range at 0xfb11216600000000, size 0x14 fully unreadable
[0622/234016.855:ERROR:process_info.cc(632)] range at 0xfb11218600000000, size 0x14 fully unreadable
[0622/234016.855:ERROR:process_info.cc(632)] range at 0x0, size 0x14 fully unreadable
[0622/234023.789:ERROR:process_info.cc(632)] range at 0x150209e00000000, size 0x5d fully unreadable
[0622/234023.789:ERROR:process_info.cc(632)] range at 0x15020be00000000, size 0x5d fully unreadable
[0622/234023.789:ERROR:process_info.cc(632)] range at 0x0, size 0x5d fully unreadable
[0622/234024.067:ERROR:process_info.cc(632)] range at 0xbf6f216a00000000, size 0x38 fully unreadable
[0622/234024.067:ERROR:process_info.cc(632)] range at 0xbf6f218a00000000, size 0x38 fully unreadable
[0622/234024.067:ERROR:process_info.cc(632)] range at 0x0, size 0x38 fully unreadable
[0622/234024.320:ERROR:process_info.cc(632)] range at 0xfe71216a00000000, size 0xb6 fully unreadable
[0622/234024.320:ERROR:process_info.cc(632)] range at 0xfe71218a00000000, size 0xb6 fully unreadable
[0622/234024.320:ERROR:process_info.cc(632)] range at 0x0, size 0xb6 fully unreadable
[0624/215215.128:ERROR:process_info.cc(632)] range at 0xf7aa209c00000000, size 0xbc fully unreadable
[0624/215215.148:ERROR:process_info.cc(632)] range at 0xf7aa20bc00000000, size 0xbc fully unreadable
[0624/215215.148:ERROR:process_info.cc(632)] range at 0x0, size 0xbc fully unreadable
[0624/215215.363:ERROR:http_transport_win.cc(267)] WinHttpSendRequest: The server name or address could not be resolved  (0x2ee7)
[0624/215215.535:ERROR:process_info.cc(632)] range at 0x765d216800000000, size 0xb5 fully unreadable
[0624/215215.535:ERROR:process_info.cc(632)] range at 0x765d218800000000, size 0xb5 fully unreadable
[0624/215215.535:ERROR:process_info.cc(632)] range at 0x0, size 0xb5 fully unreadable
[0624/215215.828:ERROR:process_info.cc(632)] range at 0xcb5216800000000, size 0xad fully unreadable
[0624/215215.828:ERROR:process_info.cc(632)] range at 0xcb5218800000000, size 0xad fully unreadable
[0624/215215.828:ERROR:process_info.cc(632)] range at 0x0, size 0xad fully unreadable
[0624/215439.834:ERROR:process_info.cc(632)] range at 0x85f6209a00000000, size 0x4b fully unreadable
[0624/215439.835:ERROR:process_info.cc(632)] range at 0x85f620ba00000000, size 0x4b fully unreadable
[0624/215439.835:ERROR:process_info.cc(632)] range at 0x0, size 0x4b fully unreadable
[0624/215440.119:ERROR:process_info.cc(632)] range at 0xbf58216600000000, size 0x30 fully unreadable
[0624/215440.119:ERROR:process_info.cc(632)] range at 0xbf58218600000000, size 0x30 fully unreadable
[0624/215440.119:ERROR:process_info.cc(632)] range at 0x0, size 0x30 fully unreadable
[0624/215440.391:ERROR:process_info.cc(632)] range at 0x1593216600000000, size 0xae fully unreadable
[0624/215440.391:ERROR:process_info.cc(632)] range at 0x1593218600000000, size 0xae fully unreadable
[0624/215440.391:ERROR:process_info.cc(632)] range at 0x0, size 0xae fully unreadable
[0624/215525.472:ERROR:process_info.cc(632)] range at 0x819f209e00000000, size 0x2d fully unreadable
[0624/215525.472:ERROR:process_info.cc(632)] range at 0x819f20be00000000, size 0x2d fully unreadable
[0624/215525.472:ERROR:process_info.cc(632)] range at 0x0, size 0x2d fully unreadable
[0624/215525.754:ERROR:process_info.cc(632)] range at 0xf043216a00000000, size 0x76 fully unreadable
[0624/215525.754:ERROR:process_info.cc(632)] range at 0xf043218a00000000, size 0x76 fully unreadable
[0624/215525.754:ERROR:process_info.cc(632)] range at 0x0, size 0x76 fully unreadable
[0624/215526.030:ERROR:process_info.cc(632)] range at 0xcdda216a00000000, size 0xba fully unreadable
[0624/215526.030:ERROR:process_info.cc(632)] range at 0xcdda218a00000000, size 0xba fully unreadable
[0624/215526.030:ERROR:process_info.cc(632)] range at 0x0, size 0xba fully unreadable
[0624/215923.792:ERROR:process_info.cc(632)] range at 0xe635209c00000000, size 0x57 fully unreadable
[0624/215923.793:ERROR:process_info.cc(632)] range at 0xe63520bc00000000, size 0x57 fully unreadable
[0624/215923.793:ERROR:process_info.cc(632)] range at 0x0, size 0x57 fully unreadable
[0624/215924.076:ERROR:process_info.cc(632)] range at 0x4393216800000000, size 0xe fully unreadable
[0624/215924.076:ERROR:process_info.cc(632)] range at 0x4393218800000000, size 0xe fully unreadable
[0624/215924.076:ERROR:process_info.cc(632)] range at 0x0, size 0xe fully unreadable
[0624/215924.323:ERROR:process_info.cc(632)] range at 0x4f91216800000000, size 0x74 fully unreadable
[0624/215924.323:ERROR:process_info.cc(632)] range at 0x4f91218800000000, size 0x74 fully unreadable
[0624/215924.323:ERROR:process_info.cc(632)] range at 0x0, size 0x74 fully unreadable
